<?xml version="1.0" encoding="UTF-8"?>
<!-- Generated by org.testng.reporters.JUnitReportReporter -->
<testsuite name="com.pagefactory.framework.naukari.TC01_Login" tests="4" time="0.003" ignored="0" failures="0" timestamp="28 Jul 2020 05:48:06 GMT" skipped="2" hostname="LAPTOP-G32GGVN8" errors="2">
  <testcase name="verifySuccessfullLogin" time="0.001" classname="com.pagefactory.framework.naukari.TC01_Login">
    <skipped/>
  </testcase> <!-- verifySuccessfullLogin -->
  <testcase name="setup" time="0.000" classname="com.pagefactory.framework.naukari.TC01_Login">
    <error type="java.lang.NullPointerException">
      <![CDATA[java.lang.NullPointerException
	at com.pagefactory.framework.testBase.TestBase.init(TestBase.java:74)
	at com.pagefactory.framework.naukari.TC01_Login.setup(TC01_Login.java:30)
	at sun.reflect.NativeMethodAccessorImpl.invoke0(Native Method)
	at sun.reflect.NativeMethodAccessorImpl.invoke(NativeMethodAccessorImpl.java:62)
	at sun.reflect.DelegatingMethodAccessorImpl.invoke(DelegatingMethodAccessorImpl.java:43)
	at java.lang.reflect.Method.invoke(Method.java:498)
	at org.testng.internal.MethodInvocationHelper.invokeMethod(MethodInvocationHelper.java:104)
	at org.testng.internal.Invoker.invokeConfigurationMethod(Invoker.java:515)
	at org.testng.internal.Invoker.invokeConfigurations(Invoker.java:217)
	at org.testng.internal.Invoker.invokeConfigurations(Invoker.java:144)
	at org.testng.internal.TestMethodWorker.invokeBeforeClassMethods(TestMethodWorker.java:169)
	at org.testng.internal.TestMethodWorker.run(TestMethodWorker.java:108)
	at java.util.concurrent.ThreadPoolExecutor.runWorker(ThreadPoolExecutor.java:1149)
	at java.util.concurrent.ThreadPoolExecutor$Worker.run(ThreadPoolExecutor.java:624)
	at java.lang.Thread.run(Thread.java:748)
]]>
    </error>
  </testcase> <!-- setup -->
  <testcase name="endTest" time="0.000" classname="com.pagefactory.framework.naukari.TC01_Login">
    <error type="java.lang.NullPointerException">
      <![CDATA[java.lang.NullPointerException
	at com.pagefactory.framework.testBase.TestBase.closeBrowser(TestBase.java:214)
	at com.pagefactory.framework.testBase.TestBase.endTest(TestBase.java:210)
	at sun.reflect.NativeMethodAccessorImpl.invoke0(Native Method)
	at sun.reflect.NativeMethodAccessorImpl.invoke(NativeMethodAccessorImpl.java:62)
	at sun.reflect.DelegatingMethodAccessorImpl.invoke(DelegatingMethodAccessorImpl.java:43)
	at java.lang.reflect.Method.invoke(Method.java:498)
	at org.testng.internal.MethodInvocationHelper.invokeMethod(MethodInvocationHelper.java:104)
	at org.testng.internal.Invoker.invokeConfigurationMethod(Invoker.java:515)
	at org.testng.internal.Invoker.invokeConfigurations(Invoker.java:217)
	at org.testng.internal.Invoker.invokeConfigurations(Invoker.java:144)
	at org.testng.internal.TestMethodWorker.invokeAfterClassMethods(TestMethodWorker.java:217)
	at org.testng.internal.TestMethodWorker.run(TestMethodWorker.java:115)
	at java.util.concurrent.ThreadPoolExecutor.runWorker(ThreadPoolExecutor.java:1149)
	at java.util.concurrent.ThreadPoolExecutor$Worker.run(ThreadPoolExecutor.java:624)
	at java.lang.Thread.run(Thread.java:748)
]]>
    </error>
  </testcase> <!-- endTest -->
  <testcase name="verifyLoginwithValidCredential" time="0.002" classname="com.pagefactory.framework.naukari.TC01_Login">
    <skipped/>
  </testcase> <!-- verifyLoginwithValidCredential -->
</testsuite> <!-- com.pagefactory.framework.naukari.TC01_Login -->
